C:\USERS\GEORGE\DROPBOX\SPRING 2016\DATA STRUCTURES\DS-CAPSTONE\DS-CAPSTONE\DEBUG\MAIN.OBJ
C:\USERS\GEORGE\DROPBOX\SPRING 2016\DATA STRUCTURES\DS-CAPSTONE\DS-CAPSTONE\DEBUG\VC110.PDB
C:\USERS\GEORGE\DROPBOX\SPRING 2016\DATA STRUCTURES\DS-CAPSTONE\DS-CAPSTONE\DEBUG\PLAYER.OBJ
C:\USERS\GEORGE\DROPBOX\SPRING 2016\DATA STRUCTURES\DS-CAPSTONE\DS-CAPSTONE\DEBUG\POTMANAGER.OBJ
C:\USERS\GEORGE\DROPBOX\SPRING 2016\DATA STRUCTURES\DS-CAPSTONE\DS-CAPSTONE\DEBUG\DS-CAPSTONE.ILK
C:\USERS\GEORGE\DROPBOX\SPRING 2016\DATA STRUCTURES\DS-CAPSTONE\DS-CAPSTONE\DEBUG\DS-CAPSTONE.EXE
C:\USERS\GEORGE\DROPBOX\SPRING 2016\DATA STRUCTURES\DS-CAPSTONE\DS-CAPSTONE\DEBUG\DS-CAPSTONE.PDB
C:\Users\George\Dropbox\Spring 2016\Data Structures\DS-Capstone\DS-Capstone\Debug\main.obj
C:\Users\George\Dropbox\Spring 2016\Data Structures\DS-Capstone\DS-Capstone\Debug\Player.obj
C:\Users\George\Dropbox\Spring 2016\Data Structures\DS-Capstone\DS-Capstone\Debug\DS-Capstone.ilk
C:\Users\George\Dropbox\Spring 2016\Data Structures\DS-Capstone\DS-Capstone\Debug\cl.command.1.tlog
C:\Users\George\Dropbox\Spring 2016\Data Structures\DS-Capstone\DS-Capstone\Debug\CL.read.1.tlog
C:\Users\George\Dropbox\Spring 2016\Data Structures\DS-Capstone\DS-Capstone\Debug\CL.write.1.tlog
C:\Users\George\Dropbox\Spring 2016\Data Structures\DS-Capstone\DS-Capstone\Debug\link-cvtres.read.1.tlog
C:\Users\George\Dropbox\Spring 2016\Data Structures\DS-Capstone\DS-Capstone\Debug\link-cvtres.write.1.tlog
C:\Users\George\Dropbox\Spring 2016\Data Structures\DS-Capstone\DS-Capstone\Debug\link-rc.read.1.tlog
C:\Users\George\Dropbox\Spring 2016\Data Structures\DS-Capstone\DS-Capstone\Debug\link-rc.write.1.tlog
C:\Users\George\Dropbox\Spring 2016\Data Structures\DS-Capstone\DS-Capstone\Debug\link.124-cvtres.read.1.tlog
C:\Users\George\Dropbox\Spring 2016\Data Structures\DS-Capstone\DS-Capstone\Debug\link.124-cvtres.write.1.tlog
C:\Users\George\Dropbox\Spring 2016\Data Structures\DS-Capstone\DS-Capstone\Debug\link.124-rc.read.1.tlog
C:\Users\George\Dropbox\Spring 2016\Data Structures\DS-Capstone\DS-Capstone\Debug\link.124-rc.write.1.tlog
C:\Users\George\Dropbox\Spring 2016\Data Structures\DS-Capstone\DS-Capstone\Debug\link.124.read.1.tlog
C:\Users\George\Dropbox\Spring 2016\Data Structures\DS-Capstone\DS-Capstone\Debug\link.124.write.1.tlog
C:\Users\George\Dropbox\Spring 2016\Data Structures\DS-Capstone\DS-Capstone\Debug\link.command.1.tlog
C:\Users\George\Dropbox\Spring 2016\Data Structures\DS-Capstone\DS-Capstone\Debug\link.read.1.tlog
C:\Users\George\Dropbox\Spring 2016\Data Structures\DS-Capstone\DS-Capstone\Debug\link.write.1.tlog
C:\Users\George\Dropbox\Spring 2016\Data Structures\DS-Capstone\DS-Capstone\Debug\vc110.idb
C:\Users\George\Dropbox\Spring 2016\Data Structures\DS-Capstone\DS-Capstone\Debug\DS-Capstone.pdb
C:\Users\George\Dropbox\Spring 2016\Data Structures\DS-Capstone\DS-Capstone\Debug\vc110.pdb
C:\Users\George\Dropbox\Spring 2016\Data Structures\DS-Capstone\DS-Capstone\Debug\DS-Capstone.exe
